android/app/build/intermediates/manifest_merge_blame_file/debug/manifest-merger-blame-debug-report.txt
1<?xml version="1.0" encoding="utf-8"?>
2<manifest xmlns:android="http://schemas.android.com/apk/res/android"
3    package="com.RNpayfort"
4    android:versionCode="19"
5    android:versionName="1.0.9" >
6
7    <uses-sdk
8        android:minSdkVersion="21"
9        android:targetSdkVersion="30" />
10
11    <uses-permission android:name="android.permission.SYSTEM_ALERT_WINDOW" />
11-->src/main/AndroidManifest.xml:12:5-78
11-->src/main/AndroidManifest.xml:12:22-75
12    <uses-permission android:name="android.permission.INTERNET" />
12-->src/main/AndroidManifest.xml:5:5-67
12-->src/main/AndroidManifest.xml:5:22-64
13    <uses-permission android:name="android.permission.WAKE_LOCK" />
13-->src/main/AndroidManifest.xml:6:5-68
13-->src/main/AndroidManifest.xml:6:22-65
14
15    <permission
16        android:name="com.RNpayfort.permission.C2D_MESSAGE"
17        android:protectionLevel="signature" />
18
19    <uses-permission android:name="com.RNpayfort.permission.C2D_MESSAGE" />
20    <uses-permission android:name="android.permission.VIBRATE" />
20-->src/main/AndroidManifest.xml:9:5-66
20-->src/main/AndroidManifest.xml:9:22-63
21    <uses-permission android:name="android.permission.RECEIVE_BOOT_COMPLETED" />
21-->src/main/AndroidManifest.xml:10:5-80
21-->src/main/AndroidManifest.xml:10:22-78
22    <uses-permission android:name="android.permission.READ_EXTERNAL_STORAGE" />
22-->src/main/AndroidManifest.xml:11:5-80
22-->src/main/AndroidManifest.xml:11:22-77
23    <uses-permission android:name="android.permission.READ_PRIVILEGED_PHONE_STATE" />
23-->src/main/AndroidManifest.xml:13:5-14:47
23-->src/main/AndroidManifest.xml:13:22-83
24    <uses-permission android:name="android.permission.ACCESS_COARSE_LOCATION" />
24-->src/main/AndroidManifest.xml:15:5-81
24-->src/main/AndroidManifest.xml:15:22-78
25    <uses-permission android:name="android.permission.ACCESS_FINE_LOCATION" /> <!-- <uses-permission android:name="android.permission.ACCESS_BACKGROUND_LOCATION" /> -->
25-->src/main/AndroidManifest.xml:16:5-79
25-->src/main/AndroidManifest.xml:16:22-76
26    <uses-permission android:name="android.permission.ACCESS_NETWORK_STATE" /> <!-- API lvl 27- (Oreo MR1 and below) -->
26-->src/main/AndroidManifest.xml:19:5-79
26-->src/main/AndroidManifest.xml:19:22-76
27    <!-- <uses-permission android:name="android.permission.USE_FINGERPRINT" /> -->
28    <!-- API lvl 28+ (Pie and above) -->
29    <uses-permission android:name="android.permission.USE_BIOMETRIC" />
29-->src/main/AndroidManifest.xml:23:5-72
29-->src/main/AndroidManifest.xml:23:22-69
30    <uses-permission android:name="android.permission.WRITE_EXTERNAL_STORAGE" />
30-->src/main/AndroidManifest.xml:24:5-81
30-->src/main/AndroidManifest.xml:24:22-78
31    <uses-permission android:name="android.permission.READ_PHONE_STATE" />
31-->src/main/AndroidManifest.xml:25:5-75
31-->src/main/AndroidManifest.xml:25:22-72
32    <uses-permission android:name="android.permission.ACCESS_WIFI_STATE" />
32-->[com.facebook.flipper:flipper:0.75.1] AndroidManifest.xml:16:5-76
32-->[com.facebook.flipper:flipper:0.75.1] AndroidManifest.xml:16:22-73
33    <uses-permission android:name="android.permission.FOREGROUND_SERVICE" />
33-->[androidx.work:work-runtime:2.5.0] AndroidManifest.xml:28:5-77
33-->[androidx.work:work-runtime:2.5.0] AndroidManifest.xml:28:22-74
34
35    <application
35-->src/main/AndroidManifest.xml:27:5-51:19
36        android:name="com.RNpayfort.MainApplication"
36-->src/main/AndroidManifest.xml:28:7-38
37        android:allowBackup="true"
37-->src/main/AndroidManifest.xml:32:7-33
38        android:appComponentFactory="androidx.core.app.CoreComponentFactory"
38-->[androidx.core:core:1.3.1] AndroidManifest.xml:24:18-86
39        android:debuggable="true"
40        android:icon="@mipmap/ic_launcher"
40-->src/main/AndroidManifest.xml:30:7-41
41        android:label="@string/app_name"
41-->src/main/AndroidManifest.xml:29:8-40
42        android:networkSecurityConfig="@xml/network_security_config"
42-->src/main/AndroidManifest.xml:34:7-67
43        android:roundIcon="@mipmap/ic_launcher"
43-->src/main/AndroidManifest.xml:31:7-46
44        android:testOnly="true"
45        android:theme="@style/AppTheme"
45-->src/main/AndroidManifest.xml:33:7-38
46        android:usesCleartextTraffic="true" >
46-->src/main/AndroidManifest.xml:35:7-42
47        <activity android:name="com.facebook.react.devsupport.DevSettingsActivity" />
47-->src/debug/AndroidManifest.xml:11:9-86
47-->src/debug/AndroidManifest.xml:11:19-83
48        <activity
48-->src/main/AndroidManifest.xml:38:7-49:18
49            android:name="com.RNpayfort.MainActivity"
49-->src/main/AndroidManifest.xml:39:9-37
50            android:configChanges="keyboard|keyboardHidden|orientation|screenSize|uiMode"
50-->src/main/AndroidManifest.xml:42:9-86
51            android:label="@string/app_name"
51-->src/main/AndroidManifest.xml:40:9-41
52            android:launchMode="singleTask"
52-->src/main/AndroidManifest.xml:43:9-40
53            android:screenOrientation="portrait"
53-->src/main/AndroidManifest.xml:41:9-45
54            android:windowSoftInputMode="adjustResize" >
54-->src/main/AndroidManifest.xml:44:9-51
55            <intent-filter>
55-->src/main/AndroidManifest.xml:45:9-48:25
56                <action android:name="android.intent.action.MAIN" />
56-->src/main/AndroidManifest.xml:46:13-64
56-->src/main/AndroidManifest.xml:46:21-62
57
58                <category android:name="android.intent.category.LAUNCHER" />
58-->src/main/AndroidManifest.xml:47:13-73
58-->src/main/AndroidManifest.xml:47:23-70
59            </intent-filter>
60        </activity>
61        <activity
61-->[com.amazon:fortpayment:2.1.0] AndroidManifest.xml:15:9-19:51
62            android:name="com.payfort.fortpaymentsdk.presentation.response.CreditCardResponseActivity"
62-->[com.amazon:fortpayment:2.1.0] AndroidManifest.xml:16:13-103
63            android:configChanges="locale|orientation|screenSize"
63-->[com.amazon:fortpayment:2.1.0] AndroidManifest.xml:17:13-66
64            android:screenOrientation="portrait"
64-->[com.amazon:fortpayment:2.1.0] AndroidManifest.xml:18:13-49
65            android:theme="@style/AppFortTheme" />
65-->[com.amazon:fortpayment:2.1.0] AndroidManifest.xml:19:13-48
66        <activity
66-->[com.amazon:fortpayment:2.1.0] AndroidManifest.xml:20:9-24:51
67            android:name="com.payfort.fortpaymentsdk.presentation.credit.CreditCardPaymentActivity"
67-->[com.amazon:fortpayment:2.1.0] AndroidManifest.xml:21:13-100
68            android:configChanges="locale|orientation|screenSize"
68-->[com.amazon:fortpayment:2.1.0] AndroidManifest.xml:22:13-66
69            android:screenOrientation="portrait"
69-->[com.amazon:fortpayment:2.1.0] AndroidManifest.xml:23:13-49
70            android:theme="@style/AppFortTheme" />
70-->[com.amazon:fortpayment:2.1.0] AndroidManifest.xml:24:13-48
71        <activity
71-->[com.amazon:fortpayment:2.1.0] AndroidManifest.xml:25:9-28:56
72            android:name="com.payfort.fortpaymentsdk.presentation.init.InitSecureConnectionActivity"
72-->[com.amazon:fortpayment:2.1.0] AndroidManifest.xml:26:13-101
73            android:configChanges="locale|orientation|screenSize"
73-->[com.amazon:fortpayment:2.1.0] AndroidManifest.xml:27:13-66
74            android:theme="@style/Theme.Transparent" />
74-->[com.amazon:fortpayment:2.1.0] AndroidManifest.xml:28:13-53
75        <activity
75-->[com.amazon:fortpayment:2.1.0] AndroidManifest.xml:29:9-32:63
76            android:name="com.payfort.fortpaymentsdk.presentation.threeds.ThreeDsActivity"
76-->[com.amazon:fortpayment:2.1.0] AndroidManifest.xml:30:13-91
77            android:configChanges="locale|orientation|screenSize"
77-->[com.amazon:fortpayment:2.1.0] AndroidManifest.xml:31:13-66
78            android:theme="@style/Theme.TransparentThreeDs" />
78-->[com.amazon:fortpayment:2.1.0] AndroidManifest.xml:32:13-60
79
80        <provider
80-->[androidx.work:work-runtime:2.5.0] AndroidManifest.xml:31:9-37:35
81            android:name="androidx.work.impl.WorkManagerInitializer"
81-->[androidx.work:work-runtime:2.5.0] AndroidManifest.xml:32:13-69
82            android:authorities="com.RNpayfort.workmanager-init"
82-->[androidx.work:work-runtime:2.5.0] AndroidManifest.xml:33:13-68
83            android:directBootAware="false"
83-->[androidx.work:work-runtime:2.5.0] AndroidManifest.xml:34:13-44
84            android:exported="false"
84-->[androidx.work:work-runtime:2.5.0] AndroidManifest.xml:35:13-37
85            android:multiprocess="true" />
85-->[androidx.work:work-runtime:2.5.0] AndroidManifest.xml:36:13-40
86
87        <service
87-->[androidx.work:work-runtime:2.5.0] AndroidManifest.xml:39:9-44:35
88            android:name="androidx.work.impl.background.systemalarm.SystemAlarmService"
88-->[androidx.work:work-runtime:2.5.0] AndroidManifest.xml:40:13-88
89            android:directBootAware="false"
89-->[androidx.work:work-runtime:2.5.0] AndroidManifest.xml:41:13-44
90            android:enabled="@bool/enable_system_alarm_service_default"
90-->[androidx.work:work-runtime:2.5.0] AndroidManifest.xml:42:13-72
91            android:exported="false" />
91-->[androidx.work:work-runtime:2.5.0] AndroidManifest.xml:43:13-37
92        <service
92-->[androidx.work:work-runtime:2.5.0] AndroidManifest.xml:45:9-51:35
93            android:name="androidx.work.impl.background.systemjob.SystemJobService"
93-->[androidx.work:work-runtime:2.5.0] AndroidManifest.xml:46:13-84
94            android:directBootAware="false"
94-->[androidx.work:work-runtime:2.5.0] AndroidManifest.xml:47:13-44
95            android:enabled="@bool/enable_system_job_service_default"
95-->[androidx.work:work-runtime:2.5.0] AndroidManifest.xml:48:13-70
96            android:exported="true"
96-->[androidx.work:work-runtime:2.5.0] AndroidManifest.xml:49:13-36
97            android:permission="android.permission.BIND_JOB_SERVICE" />
97-->[androidx.work:work-runtime:2.5.0] AndroidManifest.xml:50:13-69
98        <service
98-->[androidx.work:work-runtime:2.5.0] AndroidManifest.xml:52:9-57:35
99            android:name="androidx.work.impl.foreground.SystemForegroundService"
99-->[androidx.work:work-runtime:2.5.0] AndroidManifest.xml:53:13-81
100            android:directBootAware="false"
100-->[androidx.work:work-runtime:2.5.0] AndroidManifest.xml:54:13-44
101            android:enabled="@bool/enable_system_foreground_service_default"
101-->[androidx.work:work-runtime:2.5.0] AndroidManifest.xml:55:13-77
102            android:exported="false" />
102-->[androidx.work:work-runtime:2.5.0] AndroidManifest.xml:56:13-37
103
104        <receiver
104-->[androidx.work:work-runtime:2.5.0] AndroidManifest.xml:59:9-64:35
105            android:name="androidx.work.impl.utils.ForceStopRunnable$BroadcastReceiver"
105-->[androidx.work:work-runtime:2.5.0] AndroidManifest.xml:60:13-88
106            android:directBootAware="false"
106-->[androidx.work:work-runtime:2.5.0] AndroidManifest.xml:61:13-44
107            android:enabled="true"
107-->[androidx.work:work-runtime:2.5.0] AndroidManifest.xml:62:13-35
108            android:exported="false" />
108-->[androidx.work:work-runtime:2.5.0] AndroidManifest.xml:63:13-37
109        <receiver
109-->[androidx.work:work-runtime:2.5.0] AndroidManifest.xml:65:9-75:20
110            android:name="androidx.work.impl.background.systemalarm.ConstraintProxy$BatteryChargingProxy"
110-->[androidx.work:work-runtime:2.5.0] AndroidManifest.xml:66:13-106
111            android:directBootAware="false"
111-->[androidx.work:work-runtime:2.5.0] AndroidManifest.xml:67:13-44
112            android:enabled="false"
112-->[androidx.work:work-runtime:2.5.0] AndroidManifest.xml:68:13-36
113            android:exported="false" >
113-->[androidx.work:work-runtime:2.5.0] AndroidManifest.xml:69:13-37
114            <intent-filter>
114-->[androidx.work:work-runtime:2.5.0] AndroidManifest.xml:71:13-74:29
115                <action android:name="android.intent.action.ACTION_POWER_CONNECTED" />
115-->[androidx.work:work-runtime:2.5.0] AndroidManifest.xml:72:17-87
115-->[androidx.work:work-runtime:2.5.0] AndroidManifest.xml:72:25-84
116                <action android:name="android.intent.action.ACTION_POWER_DISCONNECTED" />
116-->[androidx.work:work-runtime:2.5.0] AndroidManifest.xml:73:17-90
116-->[androidx.work:work-runtime:2.5.0] AndroidManifest.xml:73:25-87
117            </intent-filter>
118        </receiver>
119        <receiver
119-->[androidx.work:work-runtime:2.5.0] AndroidManifest.xml:76:9-86:20
120            android:name="androidx.work.impl.background.systemalarm.ConstraintProxy$BatteryNotLowProxy"
120-->[androidx.work:work-runtime:2.5.0] AndroidManifest.xml:77:13-104
121            android:directBootAware="false"
121-->[androidx.work:work-runtime:2.5.0] AndroidManifest.xml:78:13-44
122            android:enabled="false"
122-->[androidx.work:work-runtime:2.5.0] AndroidManifest.xml:79:13-36
123            android:exported="false" >
123-->[androidx.work:work-runtime:2.5.0] AndroidManifest.xml:80:13-37
124            <intent-filter>
124-->[androidx.work:work-runtime:2.5.0] AndroidManifest.xml:82:13-85:29
125                <action android:name="android.intent.action.BATTERY_OKAY" />
125-->[androidx.work:work-runtime:2.5.0] AndroidManifest.xml:83:17-77
125-->[androidx.work:work-runtime:2.5.0] AndroidManifest.xml:83:25-74
126                <action android:name="android.intent.action.BATTERY_LOW" />
126-->[androidx.work:work-runtime:2.5.0] AndroidManifest.xml:84:17-76
126-->[androidx.work:work-runtime:2.5.0] AndroidManifest.xml:84:25-73
127            </intent-filter>
128        </receiver>
129        <receiver
129-->[androidx.work:work-runtime:2.5.0] AndroidManifest.xml:87:9-97:20
130            android:name="androidx.work.impl.background.systemalarm.ConstraintProxy$StorageNotLowProxy"
130-->[androidx.work:work-runtime:2.5.0] AndroidManifest.xml:88:13-104
131            android:directBootAware="false"
131-->[androidx.work:work-runtime:2.5.0] AndroidManifest.xml:89:13-44
132            android:enabled="false"
132-->[androidx.work:work-runtime:2.5.0] AndroidManifest.xml:90:13-36
133            android:exported="false" >
133-->[androidx.work:work-runtime:2.5.0] AndroidManifest.xml:91:13-37
134            <intent-filter>
134-->[androidx.work:work-runtime:2.5.0] AndroidManifest.xml:93:13-96:29
135                <action android:name="android.intent.action.DEVICE_STORAGE_LOW" />
135-->[androidx.work:work-runtime:2.5.0] AndroidManifest.xml:94:17-83
135-->[androidx.work:work-runtime:2.5.0] AndroidManifest.xml:94:25-80
136                <action android:name="android.intent.action.DEVICE_STORAGE_OK" />
136-->[androidx.work:work-runtime:2.5.0] AndroidManifest.xml:95:17-82
136-->[androidx.work:work-runtime:2.5.0] AndroidManifest.xml:95:25-79
137            </intent-filter>
138        </receiver>
139        <receiver
139-->[androidx.work:work-runtime:2.5.0] AndroidManifest.xml:98:9-107:20
140            android:name="androidx.work.impl.background.systemalarm.ConstraintProxy$NetworkStateProxy"
140-->[androidx.work:work-runtime:2.5.0] AndroidManifest.xml:99:13-103
141            android:directBootAware="false"
141-->[androidx.work:work-runtime:2.5.0] AndroidManifest.xml:100:13-44
142            android:enabled="false"
142-->[androidx.work:work-runtime:2.5.0] AndroidManifest.xml:101:13-36
143            android:exported="false" >
143-->[androidx.work:work-runtime:2.5.0] AndroidManifest.xml:102:13-37
144            <intent-filter>
144-->[androidx.work:work-runtime:2.5.0] AndroidManifest.xml:104:13-106:29
145                <action android:name="android.net.conn.CONNECTIVITY_CHANGE" />
145-->[androidx.work:work-runtime:2.5.0] AndroidManifest.xml:105:17-79
145-->[androidx.work:work-runtime:2.5.0] AndroidManifest.xml:105:25-76
146            </intent-filter>
147        </receiver>
148        <receiver
148-->[androidx.work:work-runtime:2.5.0] AndroidManifest.xml:108:9-119:20
149            android:name="androidx.work.impl.background.systemalarm.RescheduleReceiver"
149-->[androidx.work:work-runtime:2.5.0] AndroidManifest.xml:109:13-88
150            android:directBootAware="false"
150-->[androidx.work:work-runtime:2.5.0] AndroidManifest.xml:110:13-44
151            android:enabled="false"
151-->[androidx.work:work-runtime:2.5.0] AndroidManifest.xml:111:13-36
152            android:exported="false" >
152-->[androidx.work:work-runtime:2.5.0] AndroidManifest.xml:112:13-37
153            <intent-filter>
153-->[androidx.work:work-runtime:2.5.0] AndroidManifest.xml:114:13-118:29
154                <action android:name="android.intent.action.BOOT_COMPLETED" />
154-->[androidx.work:work-runtime:2.5.0] AndroidManifest.xml:115:17-79
154-->[androidx.work:work-runtime:2.5.0] AndroidManifest.xml:115:25-76
155                <action android:name="android.intent.action.TIME_SET" />
155-->[androidx.work:work-runtime:2.5.0] AndroidManifest.xml:116:17-73
155-->[androidx.work:work-runtime:2.5.0] AndroidManifest.xml:116:25-70
156                <action android:name="android.intent.action.TIMEZONE_CHANGED" />
156-->[androidx.work:work-runtime:2.5.0] AndroidManifest.xml:117:17-81
156-->[androidx.work:work-runtime:2.5.0] AndroidManifest.xml:117:25-78
157            </intent-filter>
158        </receiver>
159        <receiver
159-->[androidx.work:work-runtime:2.5.0] AndroidManifest.xml:120:9-129:20
160            android:name="androidx.work.impl.background.systemalarm.ConstraintProxyUpdateReceiver"
160-->[androidx.work:work-runtime:2.5.0] AndroidManifest.xml:121:13-99
161            android:directBootAware="false"
161-->[androidx.work:work-runtime:2.5.0] AndroidManifest.xml:122:13-44
162            android:enabled="@bool/enable_system_alarm_service_default"
162-->[androidx.work:work-runtime:2.5.0] AndroidManifest.xml:123:13-72
163            android:exported="false" >
163-->[androidx.work:work-runtime:2.5.0] AndroidManifest.xml:124:13-37
164            <intent-filter>
164-->[androidx.work:work-runtime:2.5.0] AndroidManifest.xml:126:13-128:29
165                <action android:name="androidx.work.impl.background.systemalarm.UpdateProxies" />
165-->[androidx.work:work-runtime:2.5.0] AndroidManifest.xml:127:17-98
165-->[androidx.work:work-runtime:2.5.0] AndroidManifest.xml:127:25-95
166            </intent-filter>
167        </receiver>
168        <receiver
168-->[androidx.work:work-runtime:2.5.0] AndroidManifest.xml:130:9-140:20
169            android:name="androidx.work.impl.diagnostics.DiagnosticsReceiver"
169-->[androidx.work:work-runtime:2.5.0] AndroidManifest.xml:131:13-78
170            android:directBootAware="false"
170-->[androidx.work:work-runtime:2.5.0] AndroidManifest.xml:132:13-44
171            android:enabled="true"
171-->[androidx.work:work-runtime:2.5.0] AndroidManifest.xml:133:13-35
172            android:exported="true"
172-->[androidx.work:work-runtime:2.5.0] AndroidManifest.xml:134:13-36
173            android:permission="android.permission.DUMP" >
173-->[androidx.work:work-runtime:2.5.0] AndroidManifest.xml:135:13-57
174            <intent-filter>
174-->[androidx.work:work-runtime:2.5.0] AndroidManifest.xml:137:13-139:29
175                <action android:name="androidx.work.diagnostics.REQUEST_DIAGNOSTICS" />
175-->[androidx.work:work-runtime:2.5.0] AndroidManifest.xml:138:17-88
175-->[androidx.work:work-runtime:2.5.0] AndroidManifest.xml:138:25-85
176            </intent-filter>
177        </receiver>
178
179        <service
179-->[androidx.room:room-runtime:2.2.5] AndroidManifest.xml:25:9-28:40
180            android:name="androidx.room.MultiInstanceInvalidationService"
180-->[androidx.room:room-runtime:2.2.5] AndroidManifest.xml:26:13-74
181            android:directBootAware="true"
181-->[androidx.room:room-runtime:2.2.5] AndroidManifest.xml:27:13-43
182            android:exported="false" />
182-->[androidx.room:room-runtime:2.2.5] AndroidManifest.xml:28:13-37
183
184        <provider
184-->[androidx.lifecycle:lifecycle-process:2.2.0] AndroidManifest.xml:25:9-29:43
185            android:name="androidx.lifecycle.ProcessLifecycleOwnerInitializer"
185-->[androidx.lifecycle:lifecycle-process:2.2.0] AndroidManifest.xml:26:13-79
186            android:authorities="com.RNpayfort.lifecycle-process"
186-->[androidx.lifecycle:lifecycle-process:2.2.0] AndroidManifest.xml:27:13-69
187            android:exported="false"
187-->[androidx.lifecycle:lifecycle-process:2.2.0] AndroidManifest.xml:28:13-37
188            android:multiprocess="true" />
188-->[androidx.lifecycle:lifecycle-process:2.2.0] AndroidManifest.xml:29:13-40
189    </application>
190
191</manifest>